c:\opros_2015\worskpace_170904\navigationcomp\debug\vc140.pdb
c:\opros_2015\worskpace_170904\navigationcomp\debug\vc140.idb
c:\opros_2015\worskpace_170904\navigationcomp\debug\navigationcomp.obj
c:\opros_2015\opros_slam\navigationcomp\debug\vc140.pdb
c:\opros_2015\opros_slam\navigationcomp\debug\vc140.idb
c:\opros_2015\opros_slam\navigationcomp\debug\navigationcomp.obj
c:\opros_2015\worskpace_170904\navigationcomp\debug\navigationcomp.ilk
c:\opros_2015\worskpace_170904\navigationcomp\debug\navigationcomp.dll
c:\opros_2015\worskpace_170904\navigationcomp\debug\navigationcomp.pdb
c:\opros_2015\opros_slam\navigationcomp\debug\navigationcomp.ilk
c:\opros_2015\opros_slam\navigationcomp\debug\navigationcomp.dll
c:\opros_2015\opros_slam\navigationcomp\debug\navigationcomp.pdb
c:\opros_2015\worskpace_170904\navigationcomp\debug\navigationcomp.lib
c:\opros_2015\worskpace_170904\navigationcomp\debug\navigationcomp.exp
c:\opros_2015\opros_slam\navigationcomp\debug\navigationcomp.lib
c:\opros_2015\opros_slam\navigationcomp\debug\navigationcomp.exp
c:\opros_2015\opros_slam\navigationcomp\debug\navigationcomp.tlog\cl.command.1.tlog
c:\opros_2015\opros_slam\navigationcomp\debug\navigationcomp.tlog\cl.read.1.tlog
c:\opros_2015\opros_slam\navigationcomp\debug\navigationcomp.tlog\cl.write.1.tlog
c:\opros_2015\opros_slam\navigationcomp\debug\navigationcomp.tlog\link.command.1.tlog
c:\opros_2015\opros_slam\navigationcomp\debug\navigationcomp.tlog\link.read.1.tlog
c:\opros_2015\opros_slam\navigationcomp\debug\navigationcomp.tlog\link.write.1.tlog
c:\opros_2015\opros_slam\navigationcomp\debug\navigationcomp.tlog\navigationcomp.write.1u.tlog
