c:\opros_2015\worskpace_170904\stellab1wheelcontroller\debug\vc140.pdb
c:\opros_2015\worskpace_170904\stellab1wheelcontroller\debug\vc140.idb
c:\opros_2015\worskpace_170904\stellab1wheelcontroller\debug\serialcommunication.obj
c:\opros_2015\worskpace_170904\stellab1wheelcontroller\debug\seriallinux.obj
c:\opros_2015\worskpace_170904\stellab1wheelcontroller\debug\serialwindows.obj
c:\opros_2015\worskpace_170904\stellab1wheelcontroller\debug\stellab1.obj
c:\opros_2015\worskpace_170904\stellab1wheelcontroller\debug\stellab1tester.obj
c:\opros_2015\worskpace_170904\stellab1wheelcontroller\debug\stellab1wheelcontroller.obj
c:\opros_2015\worskpace_170904\stellab1wheelcontroller\debug\stellab1wheelcontroller.ilk
c:\opros_2015\worskpace_170904\stellab1wheelcontroller\debug\stellab1wheelcontroller.dll
c:\opros_2015\worskpace_170904\stellab1wheelcontroller\debug\stellab1wheelcontroller.pdb
c:\opros_2015\worskpace_170904\stellab1wheelcontroller\debug\stellab1wheelcontroller.lib
c:\opros_2015\worskpace_170904\stellab1wheelcontroller\debug\stellab1wheelcontroller.exp
c:\opros_2015\worskpace_170904\stellab1wheelcontroller\debug\stellab1.3c3a8b49.tlog\cl.command.1.tlog
c:\opros_2015\worskpace_170904\stellab1wheelcontroller\debug\stellab1.3c3a8b49.tlog\cl.read.1.tlog
c:\opros_2015\worskpace_170904\stellab1wheelcontroller\debug\stellab1.3c3a8b49.tlog\cl.write.1.tlog
c:\opros_2015\worskpace_170904\stellab1wheelcontroller\debug\stellab1.3c3a8b49.tlog\link.command.1.tlog
c:\opros_2015\worskpace_170904\stellab1wheelcontroller\debug\stellab1.3c3a8b49.tlog\link.read.1.tlog
c:\opros_2015\worskpace_170904\stellab1wheelcontroller\debug\stellab1.3c3a8b49.tlog\link.write.1.tlog
c:\opros_2015\worskpace_170904\stellab1wheelcontroller\debug\stellab1.3c3a8b49.tlog\stellab1wheelcontroller.write.1u.tlog
