d:\opros_programs\opros_ide_v2.1.3_windows_20160729\workspace_deviceapi\hokuyo_scip_v2_0\release\hokuyo_scip_v2_0.obj
d:\opros_programs\opros_ide_v2.1.3_windows_20160729\workspace_deviceapi\hokuyo_scip_v2_0\release\vc100.pdb
d:\opros_programs\opros_ide_v2.1.3_windows_20160729\workspace_deviceapi\hokuyo_scip_v2_0\release\hokuyo_scip_v2_0.lib
d:\opros_programs\opros_ide_v2.1.3_windows_20160729\workspace_deviceapi\hokuyo_scip_v2_0\release\hokuyo_scip_v2_0.exp
d:\opros_programs\opros_ide_v2.1.3_windows_20160729\workspace_deviceapi\hokuyo_scip_v2_0\release\hokuyo_scip_v2_0.dll
d:\opros_programs\opros_ide_v2.1.3_windows_20160729\workspace_deviceapi\hokuyo_scip_v2_0\release\hokuyo_scip_v2_0.dll.intermediate.manifest
d:\opros_programs\opros_ide_v2.1.3_windows_20160729\workspace_deviceapi\hokuyo_scip_v2_0\release\hokuyo_scip_v2_0.pdb
c:\users\opros\desktop\laser_deviceapi\hokuyo_scip_v2_0\release\vc140.pdb
c:\users\opros\desktop\laser_deviceapi\hokuyo_scip_v2_0\release\hokuyo_scip_v2_0.obj
c:\users\opros\desktop\laser_deviceapi\hokuyo_scip_v2_0\release\hokuyo_scip_v2_0.ipdb
c:\users\opros\desktop\laser_deviceapi\hokuyo_scip_v2_0\release\hokuyo_scip_v2_0.iobj
c:\users\opros\desktop\laser_deviceapi\hokuyo_scip_v2_0\release\cl.command.1.tlog
c:\users\opros\desktop\laser_deviceapi\hokuyo_scip_v2_0\release\cl.read.1.tlog
c:\users\opros\desktop\laser_deviceapi\hokuyo_scip_v2_0\release\cl.write.1.tlog
c:\users\opros\desktop\laser_deviceapi\hokuyo_scip_v2_0\release\hokuyo_scip_v2_0.write.1.tlog
c:\users\opros\desktop\laser_deviceapi\hokuyo_scip_v2_0\release\link.command.1.tlog
c:\users\opros\desktop\laser_deviceapi\hokuyo_scip_v2_0\release\link.read.1.tlog
c:\users\opros\desktop\laser_deviceapi\hokuyo_scip_v2_0\release\link.write.1.tlog
c:\users\opros\desktop\laser_deviceapi\hokuyo_scip_v2_0\release\mt.command.1.tlog
c:\users\opros\desktop\laser_deviceapi\hokuyo_scip_v2_0\release\mt.read.1.tlog
c:\users\opros\desktop\laser_deviceapi\hokuyo_scip_v2_0\release\mt.write.1.tlog
c:\users\opros\desktop\laser_deviceapi\hokuyo_scip_v2_0\release\hokuyo_scip_v2_0.dll.intermediate.manifest
c:\users\opros\desktop\laser_deviceapi\hokuyo_scip_v2_0\release\hokuyo_scip_v2_0.exp
c:\users\opros\desktop\laser_deviceapi\hokuyo_scip_v2_0\release\hokuyo_scip_v2_0.pdb
c:\users\opros\desktop\laser_deviceapi\hokuyo_scip_v2_0\release\vc100.pdb
c:\users\opros\desktop\laser_deviceapi\hokuyo_scip_v2_0\release\hokuyo_scip_v2_0.tlog\cl.command.1.tlog
c:\users\opros\desktop\laser_deviceapi\hokuyo_scip_v2_0\release\hokuyo_scip_v2_0.tlog\cl.read.1.tlog
c:\users\opros\desktop\laser_deviceapi\hokuyo_scip_v2_0\release\hokuyo_scip_v2_0.tlog\cl.write.1.tlog
c:\users\opros\desktop\laser_deviceapi\hokuyo_scip_v2_0\release\hokuyo_scip_v2_0.tlog\link-cvtres.read.1.tlog
c:\users\opros\desktop\laser_deviceapi\hokuyo_scip_v2_0\release\hokuyo_scip_v2_0.tlog\link-cvtres.write.1.tlog
c:\users\opros\desktop\laser_deviceapi\hokuyo_scip_v2_0\release\hokuyo_scip_v2_0.tlog\link-rc.read.1.tlog
c:\users\opros\desktop\laser_deviceapi\hokuyo_scip_v2_0\release\hokuyo_scip_v2_0.tlog\link-rc.write.1.tlog
c:\users\opros\desktop\laser_deviceapi\hokuyo_scip_v2_0\release\hokuyo_scip_v2_0.tlog\link.command.1.tlog
c:\users\opros\desktop\laser_deviceapi\hokuyo_scip_v2_0\release\hokuyo_scip_v2_0.tlog\link.read.1.tlog
c:\users\opros\desktop\laser_deviceapi\hokuyo_scip_v2_0\release\hokuyo_scip_v2_0.tlog\link.write.1.tlog
